<?xml version="1.0" encoding="UTF-8"?>
<!-- Generated by org.testng.reporters.JUnitReportReporter -->
<testsuite hostname="DESKTOP-ILITG10" failures="0" tests="5" name="com.incubyteassessment.testcases.ComposePageTest" time="15.430" errors="0" timestamp="2024-10-07T17:11:46 IST" skipped="3">
  <testcase classname="com.incubyteassessment.testcases.ComposePageTest" name="TC5" time="5.886"/>
  <system-out/>
  <testcase classname="com.incubyteassessment.testcases.ComposePageTest" name="TC4" time="9.544"/>
  <system-out/>
  <testcase classname="com.incubyteassessment.testcases.ComposePageTest" name="TC1">
    <skipped/>
  </testcase> <!-- TC1 -->
  <system-out/>
  <testcase classname="com.incubyteassessment.testcases.ComposePageTest" name="TC2">
    <skipped/>
  </testcase> <!-- TC2 -->
  <system-out/>
  <testcase classname="com.incubyteassessment.testcases.ComposePageTest" name="TC3">
    <skipped/>
  </testcase> <!-- TC3 -->
  <system-out/>
</testsuite> <!-- com.incubyteassessment.testcases.ComposePageTest -->
